{"contracts\\Benefit.sol":{"l":{"12":3,"13":3,"27":1,"28":1,"35":0,"36":0,"40":1,"45":1,"49":0,"54":0,"58":3,"59":1,"63":0,"71":2,"79":0,"83":6,"87":6,"88":6,"89":2,"90":2,"104":0,"113":6,"121":0,"122":0,"123":0,"125":0},"path":"C:\\solidity\\Benefit\\contracts\\Benefit.sol","s":{"1":3,"2":3,"3":1,"4":1,"5":0,"6":1,"7":0,"8":3,"9":0,"10":2,"11":0,"12":6,"13":6,"14":6,"15":2,"16":2,"17":0,"18":6,"19":0,"20":0,"21":0,"22":0},"b":{"1":[1,0],"2":[1,2],"3":[2,0]},"f":{"1":3,"2":1,"3":0,"4":1,"5":0,"6":3,"7":0,"8":2,"9":0,"10":6,"11":6,"12":0},"fnMap":{"1":{"name":"constructor","line":11,"loc":{"start":{"line":11,"column":4},"end":{"line":14,"column":4}}},"2":{"name":"SetMinHold","line":26,"loc":{"start":{"line":26,"column":4},"end":{"line":29,"column":4}}},"3":{"name":"AddNewLpCheck","line":33,"loc":{"start":{"line":31,"column":4},"end":{"line":37,"column":4}}},"4":{"name":"AddNewToken","line":39,"loc":{"start":{"line":39,"column":4},"end":{"line":46,"column":4}}},"5":{"name":"AddNewStaking","line":48,"loc":{"start":{"line":48,"column":4},"end":{"line":55,"column":4}}},"6":{"name":"RemoveLastBalanceCheckData","line":57,"loc":{"start":{"line":57,"column":4},"end":{"line":60,"column":4}}},"7":{"name":"RemoveAll","line":62,"loc":{"start":{"line":62,"column":4},"end":{"line":64,"column":4}}},"8":{"name":"CheckBalance","line":66,"loc":{"start":{"line":66,"column":4},"end":{"line":72,"column":4}}},"9":{"name":"CheckStaking","line":74,"loc":{"start":{"line":74,"column":4},"end":{"line":80,"column":4}}},"10":{"name":"IsPOZHolder","line":82,"loc":{"start":{"line":82,"column":4},"end":{"line":84,"column":4}}},"11":{"name":"CalcTotal","line":86,"loc":{"start":{"line":86,"column":4},"end":{"line":114,"column":4}}},"12":{"name":"_CalcLP","line":116,"loc":{"start":{"line":116,"column":4},"end":{"line":126,"column":4}}}},"statementMap":{"1":{"start":{"line":12,"column":8},"end":{"line":12,"column":18}},"2":{"start":{"line":13,"column":8},"end":{"line":13,"column":22}},"3":{"start":{"line":27,"column":8},"end":{"line":27,"column":51}},"4":{"start":{"line":28,"column":8},"end":{"line":28,"column":25}},"5":{"start":{"line":35,"column":8},"end":{"line":35,"column":76}},"6":{"start":{"line":40,"column":8},"end":{"line":40,"column":1360}},"7":{"start":{"line":49,"column":8},"end":{"line":49,"column":1633}},"8":{"start":{"line":58,"column":8},"end":{"line":58,"column":57}},"9":{"start":{"line":63,"column":8},"end":{"line":63,"column":22}},"10":{"start":{"line":71,"column":8},"end":{"line":71,"column":48}},"11":{"start":{"line":79,"column":8},"end":{"line":79,"column":52}},"12":{"start":{"line":83,"column":8},"end":{"line":83,"column":45}},"13":{"start":{"line":87,"column":8},"end":{"line":87,"column":25}},"14":{"start":{"line":88,"column":8},"end":{"line":88,"column":2796}},"15":{"start":{"line":89,"column":12},"end":{"line":89,"column":2892}},"16":{"start":{"line":90,"column":16},"end":{"line":90,"column":2997}},"17":{"start":{"line":104,"column":16},"end":{"line":104,"column":3638}},"18":{"start":{"line":113,"column":8},"end":{"line":113,"column":20}},"19":{"start":{"line":121,"column":8},"end":{"line":121,"column":56}},"20":{"start":{"line":122,"column":8},"end":{"line":122,"column":64}},"21":{"start":{"line":123,"column":8},"end":{"line":123,"column":68}},"22":{"start":{"line":125,"column":8},"end":{"line":125,"column":78}}},"branchMap":{"1":{"line":27,"type":"if","locations":[{"start":{"line":27,"column":8},"end":{"line":27,"column":8}},{"start":{"line":27,"column":8},"end":{"line":27,"column":8}}]},"2":{"line":58,"type":"if","locations":[{"start":{"line":58,"column":8},"end":{"line":58,"column":8}},{"start":{"line":58,"column":8},"end":{"line":58,"column":8}}]},"3":{"line":89,"type":"if","locations":[{"start":{"line":89,"column":12},"end":{"line":89,"column":12}},{"start":{"line":89,"column":12},"end":{"line":89,"column":12}}]}}},"contracts\\IPozBenefit.sol":{"l":{},"path":"C:\\solidity\\Benefit\\contracts\\IPozBenefit.sol","s":{},"b":{},"f":{},"fnMap":{},"statementMap":{},"branchMap":{}},"contracts\\IStaking.sol":{"l":{},"path":"C:\\solidity\\Benefit\\contracts\\IStaking.sol","s":{},"b":{},"f":{},"fnMap":{},"statementMap":{},"branchMap":{}},"contracts\\TestToken.sol":{"l":{"18":3,"19":3,"24":1},"path":"C:\\solidity\\Benefit\\contracts\\TestToken.sol","s":{"1":3,"2":3,"3":1},"b":{},"f":{"1":3,"2":1},"fnMap":{"1":{"name":"constructor","line":17,"loc":{"start":{"line":17,"column":4},"end":{"line":21,"column":4}}},"2":{"name":"FreeTest","line":23,"loc":{"start":{"line":23,"column":4},"end":{"line":25,"column":4}}}},"statementMap":{"1":{"start":{"line":18,"column":8},"end":{"line":18,"column":24}},"2":{"start":{"line":19,"column":8},"end":{"line":19,"column":39}},"3":{"start":{"line":24,"column":8},"end":{"line":24,"column":33}}},"branchMap":{}}}