{"contracts\\Benefit.sol":{"l":{"11":3,"12":3,"25":1,"26":1,"33":1,"34":1,"38":3,"39":1,"47":2,"55":0,"59":6,"63":6,"64":6,"65":2,"79":6},"path":"C:\\Users\\Administrator\\Desktop\\Code\\Benefits\\contracts\\Benefit.sol","s":{"1":3,"2":3,"3":1,"4":1,"5":1,"6":3,"7":2,"8":0,"9":6,"10":6,"11":6,"12":2,"13":6},"b":{"1":[1,0],"2":[1,2]},"f":{"1":3,"2":1,"3":1,"4":3,"5":2,"6":0,"7":6,"8":6},"fnMap":{"1":{"name":"constructor","line":10,"loc":{"start":{"line":10,"column":4},"end":{"line":13,"column":4}}},"2":{"name":"SetMinHold","line":24,"loc":{"start":{"line":24,"column":4},"end":{"line":27,"column":4}}},"3":{"name":"AddNewBalanceCheckData","line":31,"loc":{"start":{"line":29,"column":4},"end":{"line":35,"column":4}}},"4":{"name":"RemoveLastBalanceCheckData","line":37,"loc":{"start":{"line":37,"column":4},"end":{"line":40,"column":4}}},"5":{"name":"CheckBalance","line":42,"loc":{"start":{"line":42,"column":4},"end":{"line":48,"column":4}}},"6":{"name":"CheckStaking","line":50,"loc":{"start":{"line":50,"column":4},"end":{"line":56,"column":4}}},"7":{"name":"IsPOZHolder","line":58,"loc":{"start":{"line":58,"column":4},"end":{"line":60,"column":4}}},"8":{"name":"CalcTotal","line":62,"loc":{"start":{"line":62,"column":4},"end":{"line":80,"column":4}}}},"statementMap":{"1":{"start":{"line":11,"column":8},"end":{"line":11,"column":18}},"2":{"start":{"line":12,"column":8},"end":{"line":12,"column":22}},"3":{"start":{"line":25,"column":8},"end":{"line":25,"column":51}},"4":{"start":{"line":26,"column":8},"end":{"line":26,"column":25}},"5":{"start":{"line":33,"column":8},"end":{"line":33,"column":76}},"6":{"start":{"line":38,"column":8},"end":{"line":38,"column":57}},"7":{"start":{"line":47,"column":8},"end":{"line":47,"column":48}},"8":{"start":{"line":55,"column":8},"end":{"line":55,"column":52}},"9":{"start":{"line":59,"column":9},"end":{"line":59,"column":46}},"10":{"start":{"line":63,"column":8},"end":{"line":63,"column":25}},"11":{"start":{"line":64,"column":8},"end":{"line":64,"column":1947}},"12":{"start":{"line":65,"column":12},"end":{"line":65,"column":2024}},"13":{"start":{"line":79,"column":8},"end":{"line":79,"column":20}}},"branchMap":{"1":{"line":25,"type":"if","locations":[{"start":{"line":25,"column":8},"end":{"line":25,"column":8}},{"start":{"line":25,"column":8},"end":{"line":25,"column":8}}]},"2":{"line":38,"type":"if","locations":[{"start":{"line":38,"column":8},"end":{"line":38,"column":8}},{"start":{"line":38,"column":8},"end":{"line":38,"column":8}}]}}},"contracts\\IPozBenefit.sol":{"l":{},"path":"C:\\Users\\Administrator\\Desktop\\Code\\Benefits\\contracts\\IPozBenefit.sol","s":{},"b":{},"f":{},"fnMap":{},"statementMap":{},"branchMap":{}},"contracts\\IStaking.sol":{"l":{},"path":"C:\\Users\\Administrator\\Desktop\\Code\\Benefits\\contracts\\IStaking.sol","s":{},"b":{},"f":{},"fnMap":{},"statementMap":{},"branchMap":{}},"contracts\\TestToken.sol":{"l":{"21":3,"22":3,"23":3,"24":3,"26":3,"27":3,"29":3,"33":1,"34":1,"36":1},"path":"C:\\Users\\Administrator\\Desktop\\Code\\Benefits\\contracts\\TestToken.sol","s":{"1":3,"2":3,"3":3,"4":3,"5":3,"6":3,"7":3,"8":1,"9":1,"10":1},"b":{},"f":{"1":3,"2":1},"fnMap":{"1":{"name":"constructor","line":20,"loc":{"start":{"line":20,"column":4},"end":{"line":30,"column":4}}},"2":{"name":"FreeTest","line":32,"loc":{"start":{"line":32,"column":4},"end":{"line":37,"column":4}}}},"statementMap":{"1":{"start":{"line":21,"column":8},"end":{"line":21,"column":22}},"2":{"start":{"line":22,"column":8},"end":{"line":22,"column":25}},"3":{"start":{"line":23,"column":8},"end":{"line":23,"column":19}},"4":{"start":{"line":24,"column":8},"end":{"line":24,"column":34}},"5":{"start":{"line":26,"column":8},"end":{"line":26,"column":25}},"6":{"start":{"line":27,"column":8},"end":{"line":27,"column":41}},"7":{"start":{"line":29,"column":8},"end":{"line":29,"column":51}},"8":{"start":{"line":33,"column":8},"end":{"line":33,"column":54}},"9":{"start":{"line":34,"column":8},"end":{"line":34,"column":72}},"10":{"start":{"line":36,"column":8},"end":{"line":36,"column":47}}},"branchMap":{}}}